<?xml version="1.0" encoding="UTF-8"?>
<!-- Generated by org.testng.reporters.JUnitXMLReporter -->
<testsuite ignored="0" hostname="LAPTOP-USI89HBQ" failures="1" tests="2" name="MarquisSanityScript" time="131.184" errors="0" timestamp="2022-12-28T13:52:26 IST">
  <testcase classname="com.marquis.SanityScripts.marquisFinancierSanityScript" name="Ops_Login" time="125.291"/>
  <testcase classname="com.marquis.SanityScripts.marquisFinancierSanityScript" name="clientDetails" time="0.0">
    <failure type="org.testng.TestNGException" message="
Parameter &amp;apos;UserName&amp;apos; is required by @Test on method clientDetails but has not been marked @Optional or defined
in C:\Users\User\Marquis\Daily Automation\28-12-22-Morning\marquis.xml">
      <![CDATA[org.testng.TestNGException: 
Parameter 'UserName' is required by @Test on method clientDetails but has not been marked @Optional or defined
in C:\Users\User\Marquis\Daily Automation\28-12-22-Morning\marquis.xml
at java.base/java.util.concurrent.ThreadPoolExecutor.runWorker(ThreadPoolExecutor.java:1136)
at java.base/java.util.concurrent.ThreadPoolExecutor$Worker.run(ThreadPoolExecutor.java:635)
at java.base/java.lang.Thread.run(Thread.java:833)
... Removed 11 stack frames]]>
    </failure>
  </testcase> <!-- clientDetails -->
</testsuite> <!-- MarquisSanityScript -->
