<?xml version="1.0" encoding="UTF-8"?>
<!-- Generated by org.testng.reporters.JUnitReportReporter -->
<testsuite hostname="LAPTOP-USI89HBQ" failures="0" tests="2" name="com.marquis.SanityScripts.marquisFinancierSanityScript" time="130.789" errors="1" timestamp="2022-12-28T13:52:27 IST" skipped="0">
  <testcase classname="com.marquis.SanityScripts.marquisFinancierSanityScript" name="Ops_Login" time="130.789"/>
  <system-out/>
  <testcase classname="com.marquis.SanityScripts.marquisFinancierSanityScript" name="clientDetails" time="0.000">
    <error message="
Parameter &#039;UserName&#039; is required by @Test on method clientDetails but has not been marked @Optional or defined
in C:\Users\User\Marquis\Daily Automation\28-12-22-Morning\marquis.xml" type="org.testng.TestNGException">
      <![CDATA[org.testng.TestNGException: 
Parameter 'UserName' is required by @Test on method clientDetails but has not been marked @Optional or defined
in C:\Users\User\Marquis\Daily Automation\28-12-22-Morning\marquis.xml
at org.testng.internal.Parameters.createParams(Parameters.java:272)
at org.testng.internal.Parameters.createParametersForMethod(Parameters.java:360)
at org.testng.internal.Parameters.createParameters(Parameters.java:704)
at org.testng.internal.Parameters.handleParameters(Parameters.java:879)
at org.testng.internal.Parameters.handleParameters(Parameters.java:744)
at org.testng.internal.ParameterHandler.handleParameters(ParameterHandler.java:59)
at org.testng.internal.ParameterHandler.createParameters(ParameterHandler.java:38)
at org.testng.internal.TestInvoker$MethodInvocationAgent.invoke(TestInvoker.java:783)
at org.testng.internal.TestInvoker.invokeTestMethods(TestInvoker.java:146)
at org.testng.internal.TestMethodWorker.invokeTestMethods(TestMethodWorker.java:146)
at org.testng.internal.TestMethodWorker.run(TestMethodWorker.java:128)
at java.base/java.util.concurrent.ThreadPoolExecutor.runWorker(ThreadPoolExecutor.java:1136)
at java.base/java.util.concurrent.ThreadPoolExecutor$Worker.run(ThreadPoolExecutor.java:635)
at java.base/java.lang.Thread.run(Thread.java:833)
]]>
    </error>
  </testcase> <!-- clientDetails -->
  <system-out/>
</testsuite> <!-- com.marquis.SanityScripts.marquisFinancierSanityScript -->
